14:39:06 [main] INFO  someKindOfShop.shoppingList.Driver - Customer [uname=aliaa, pass=1234, id=1]
14:43:23 [main] INFO  someKindOfShop.shoppingList.Driver - Customer [uname=aliaa, pass=1234, id=1]
14:59:07 [main] INFO  someKindOfShop.shoppingList.Driver - Employee [uname=asmaa, pass=12345, id=2]
20:24:38 [main] INFO  someKindOfShop.shoppingList.Driver - Customer [uname=aliaa, pass=1234, id=1]
20:28:17 [main] INFO  someKindOfShop.shoppingList.Driver - Customer [uname=aliaa, pass=1234, id=1]
20:29:16 [main] INFO  someKindOfShop.shoppingList.Driver - Employee [uname=asmaa, pass=12345, id=2]
20:33:56 [main] INFO  someKindOfShop.shoppingList.Driver - Customer [uname=aliaa, pass=1234, id=1]
20:41:36 [main] INFO  someKindOfShop.service.CustomerService - Customer: Customer [uname=ahmed, pass=0000, id=3] was created.
20:41:36 [main] INFO  someKindOfShop.shoppingList.Driver - Customer [uname=ahmed, pass=0000, id=3]
20:43:11 [main] INFO  someKindOfShop.service.CustomerService - Customer: Customer [uname=aycil, pass=0000, id=4] was created.
20:43:11 [main] INFO  someKindOfShop.shoppingList.Driver - Customer [uname=aycil, pass=0000, id=4]
20:43:59 [main] INFO  someKindOfShop.shoppingList.Driver - Customer [uname=aycil, pass=0000, id=4]
20:51:16 [main] INFO  someKindOfShop.shoppingList.Driver - Customer [uname=aliaa, pass=1234, id=1]
20:52:07 [main] INFO  someKindOfShop.service.CustomerService - Customer: Customer [uname=, pass=mohanad, id=5] was created.
20:52:07 [main] INFO  someKindOfShop.shoppingList.Driver - Customer [uname=, pass=mohanad, id=5]
20:53:20 [main] INFO  someKindOfShop.service.CustomerService - Customer: Customer [uname=eman, pass=, id=6] was created.
20:53:20 [main] INFO  someKindOfShop.shoppingList.Driver - Customer [uname=eman, pass=, id=6]
20:53:47 [main] INFO  someKindOfShop.service.CustomerService - Customer: Customer [uname=mahmoud, pass=, id=7] was created.
20:53:47 [main] INFO  someKindOfShop.shoppingList.Driver - Customer [uname=mahmoud, pass=, id=7]
20:55:36 [main] INFO  someKindOfShop.service.CustomerService - Customer: Customer [uname=ehab, pass=, id=8] was created.
20:55:36 [main] INFO  someKindOfShop.shoppingList.Driver - Customer [uname=ehab, pass=, id=8]
20:58:14 [main] INFO  someKindOfShop.service.CustomerService - Customer: Customer [uname=hady, pass=3333, id=9] was created.
20:58:14 [main] INFO  someKindOfShop.shoppingList.Driver - Customer [uname=hady, pass=3333, id=9]
21:02:11 [main] INFO  someKindOfShop.shoppingList.Driver - Customer [uname=aliaa, pass=1234, id=1]
21:08:34 [main] INFO  someKindOfShop.shoppingList.Driver - Employee [uname=asmaa, pass=12345, id=2]
21:13:41 [main] INFO  someKindOfShop.shoppingList.Driver - Employee [uname=asmaa, pass=12345, id=2]
21:29:28 [main] INFO  someKindOfShop.shoppingList.Driver - Employee [uname=asmaa, pass=12345, id=2]
21:55:22 [main] INFO  someKindOfShop.shoppingList.Driver - Employee [uname=asmaa, pass=12345, id=2]
21:57:15 [main] INFO  someKindOfShop.shoppingList.Driver - Employee [uname=asmaa, pass=12345, id=2]
21:59:07 [main] INFO  someKindOfShop.shoppingList.Driver - Employee [uname=asmaa, pass=12345, id=2]
21:59:56 [main] INFO  someKindOfShop.shoppingList.Driver - Employee [uname=asmaa, pass=12345, id=2]
22:00:42 [main] INFO  someKindOfShop.shoppingList.Driver - Employee [uname=asmaa, pass=12345, id=2]
22:01:53 [main] INFO  someKindOfShop.shoppingList.Driver - Employee [uname=asmaa, pass=12345, id=2]
22:02:40 [main] INFO  someKindOfShop.shoppingList.Driver - Employee [uname=asmaa, pass=12345, id=2]
22:03:45 [main] INFO  someKindOfShop.shoppingList.Driver - Employee [uname=asmaa, pass=12345, id=2]
22:06:43 [main] INFO  someKindOfShop.shoppingList.Driver - Employee [uname=asmaa, pass=12345, id=2]
22:11:26 [main] INFO  someKindOfShop.shoppingList.Driver - Employee [uname=asmaa, pass=12345, id=2]
22:12:02 [main] INFO  someKindOfShop.shoppingList.Driver - Employee [uname=asmaa, pass=12345, id=2]
22:14:40 [main] INFO  someKindOfShop.shoppingList.Driver - Employee [uname=asmaa, pass=12345, id=2]
22:16:12 [main] INFO  someKindOfShop.shoppingList.Driver - Employee [uname=asmaa, pass=12345, id=2]
22:19:03 [main] INFO  someKindOfShop.shoppingList.Driver - Employee [uname=asmaa, pass=12345, id=2]
22:19:54 [main] INFO  someKindOfShop.shoppingList.Driver - Employee [uname=asmaa, pass=12345, id=2]
22:24:39 [main] INFO  someKindOfShop.shoppingList.Driver - Employee [uname=asmaa, pass=12345, id=2]
22:29:22 [main] INFO  someKindOfShop.shoppingList.Driver - Employee [uname=asmaa, pass=12345, id=2]
22:30:29 [main] INFO  someKindOfShop.shoppingList.Driver - Employee [uname=asmaa, pass=12345, id=2]
22:31:26 [main] INFO  someKindOfShop.shoppingList.Driver - Employee [uname=asmaa, pass=12345, id=2]
22:32:18 [main] INFO  someKindOfShop.shoppingList.Driver - Employee [uname=asmaa, pass=12345, id=2]
22:38:39 [main] INFO  someKindOfShop.shoppingList.Driver - Employee [uname=asmaa, pass=12345, id=2]
22:38:46 [main] INFO  someKindOfShop.shoppingList.Driver - There's no Offers now!
22:41:48 [main] INFO  someKindOfShop.shoppingList.Driver - There's no Offers now!
22:42:16 [main] INFO  someKindOfShop.shoppingList.Driver - Employee [uname=asmaa, pass=12345, id=2]
22:45:44 [main] INFO  someKindOfShop.shoppingList.Driver - Customer [uname=aliaa, pass=1234, id=1]
22:56:45 [main] INFO  someKindOfShop.shoppingList.Driver - Customer [uname=aliaa, pass=1234, id=1]
23:01:34 [main] INFO  someKindOfShop.shoppingList.Driver - Employee [uname=asmaa, pass=12345, id=2]
23:17:05 [main] INFO  someKindOfShop.shoppingList.Driver - Customer [uname=aliaa, pass=1234, id=1]
23:18:09 [main] INFO  someKindOfShop.shoppingList.Driver - Employee [uname=asmaa, pass=12345, id=2]
23:22:20 [main] INFO  someKindOfShop.shoppingList.Driver - Employee [uname=asmaa, pass=12345, id=2]
23:25:32 [main] INFO  someKindOfShop.shoppingList.Driver - Employee [uname=asmaa, pass=12345, id=2]
